<?xml version="1.0" encoding="UTF-8"?>
<!-- Generated by org.testng.reporters.JUnitReportReporter -->
<testsuite hostname="Sc-201507221500" name="com.ldasset.core.service.spring.MemberServiceTest" tests="1" failures="0" timestamp="24 Feb 2016 03:17:56 GMT" time="0.647" errors="0">
  <testcase name="testGetByUserPhone" time="0.647" classname="com.ldasset.core.service.spring.MemberServiceTest"/>
</testsuite> <!-- com.ldasset.core.service.spring.MemberServiceTest -->
